<?xml version="1.0" encoding="UTF-8"?>
<testng-results skipped="0" failed="1" total="1" passed="0">
  <reporter-output>
  </reporter-output>
  <suite name="TestNg" duration-ms="18380" started-at="2017-09-07T04:19:03Z" finished-at="2017-09-07T04:19:21Z">
    <groups>
    </groups>
    <test name="GMailTest" duration-ms="18380" started-at="2017-09-07T04:19:03Z" finished-at="2017-09-07T04:19:21Z">
      <class name="test.GMailTestPO">
        <test-method status="FAIL" signature="loginToAccountTest(java.lang.String, java.lang.String)[pri:0, instance:test.GMailTestPO@387c703b]" name="loginToAccountTest" duration-ms="17218" started-at="2017-09-07T10:19:03Z" description="loginToAccountTest" finished-at="2017-09-07T10:19:20Z">
          <params>
            <param index="0">
              <value>
                <![CDATA[test.da.10062017]]>
              </value>
            </param>
            <param index="1">
              <value>
                <![CDATA[testtest0]]>
              </value>
            </param>
          </params>
          <exception class="java.lang.AssertionError">
            <message>
              <![CDATA[User isn't logged in expected [true] but found [false]]]>
            </message>
            <full-stacktrace>
              <![CDATA[java.lang.AssertionError: User isn't logged in expected [true] but found [false]
	at org.testng.Assert.fail(Assert.java:94)
	at org.testng.Assert.failNotEquals(Assert.java:496)
	at org.testng.Assert.assertTrue(Assert.java:42)
	at test.GMailTestPO.loginToAccountTest(GMailTestPO.java:33)
	at sun.reflect.NativeMethodAccessorImpl.invoke0(Native Method)
	at sun.reflect.NativeMethodAccessorImpl.invoke(NativeMethodAccessorImpl.java:62)
	at sun.reflect.DelegatingMethodAccessorImpl.invoke(DelegatingMethodAccessorImpl.java:43)
	at java.lang.reflect.Method.invoke(Method.java:498)
	at org.testng.internal.MethodInvocationHelper.invokeMethod(MethodInvocationHelper.java:85)
	at org.testng.internal.Invoker.invokeMethod(Invoker.java:639)
	at org.testng.internal.Invoker.invokeTestMethod(Invoker.java:816)
	at org.testng.internal.Invoker.invokeTestMethods(Invoker.java:1124)
	at org.testng.internal.TestMethodWorker.invokeTestMethods(TestMethodWorker.java:125)
	at org.testng.internal.TestMethodWorker.run(TestMethodWorker.java:108)
	at org.testng.TestRunner.privateRun(TestRunner.java:774)
	at org.testng.TestRunner.run(TestRunner.java:624)
	at org.testng.SuiteRunner.runTest(SuiteRunner.java:359)
	at org.testng.SuiteRunner.runSequentially(SuiteRunner.java:354)
	at org.testng.SuiteRunner.privateRun(SuiteRunner.java:312)
	at org.testng.SuiteRunner.run(SuiteRunner.java:261)
	at org.testng.SuiteRunnerWorker.runSuite(SuiteRunnerWorker.java:52)
	at org.testng.SuiteRunnerWorker.run(SuiteRunnerWorker.java:86)
	at org.testng.TestNG.runSuitesSequentially(TestNG.java:1215)
	at org.testng.TestNG.runSuitesSequentially(TestNG.java:1211)
	at org.testng.TestNG.runSuitesLocally(TestNG.java:1140)
	at org.testng.TestNG.run(TestNG.java:1048)
	at test.runner.TestRunner.main(TestRunner.java:36)
	at sun.reflect.NativeMethodAccessorImpl.invoke0(Native Method)
	at sun.reflect.NativeMethodAccessorImpl.invoke(NativeMethodAccessorImpl.java:62)
	at sun.reflect.DelegatingMethodAccessorImpl.invoke(DelegatingMethodAccessorImpl.java:43)
	at java.lang.reflect.Method.invoke(Method.java:498)
	at com.intellij.rt.execution.application.AppMain.main(AppMain.java:140)
]]>
            </full-stacktrace>
          </exception> <!-- java.lang.AssertionError -->
          <reporter-output>
          </reporter-output>
        </test-method> <!-- loginToAccountTest -->
        <test-method status="PASS" signature="closeDriver()[pri:0, instance:test.GMailTestPO@387c703b]" name="closeDriver" is-config="true" duration-ms="789" started-at="2017-09-07T10:19:20Z" description="closeDriver" finished-at="2017-09-07T10:19:21Z">
          <reporter-output>
          </reporter-output>
        </test-method> <!-- closeDriver -->
      </class> <!-- test.GMailTestPO -->
    </test> <!-- GMailTest -->
  </suite> <!-- TestNg -->
  <suite name="GMailTest" duration-ms="0" started-at="2017-09-07T04:19:21Z" finished-at="2017-09-07T04:19:21Z">
    <groups>
    </groups>
  </suite> <!-- GMailTest -->
</testng-results>
